build/app/intermediates/manifest_merge_blame_file/release/manifest-merger-blame-release-report.txt
1<?xml version="1.0" encoding="utf-8"?>
2<manifest xmlns:android="http://schemas.android.com/apk/res/android"
3    package="com.example.flutter_app4"
4    android:versionCode="1"
5    android:versionName="1.0.1" >
6
7    <uses-sdk
8        android:minSdkVersion="16"
8-->src/main/AndroidManifest.xml
9        android:targetSdkVersion="30" />
9-->src/main/AndroidManifest.xml
10
11    <uses-permission android:name="android.permission.ACCESS_NETWORK_STATE" />
11-->[:firebase_analytics] AndroidManifest.xml:7:5-79
11-->[:firebase_analytics] AndroidManifest.xml:7:22-76
12    <uses-permission android:name="android.permission.INTERNET" />
12-->[:firebase_analytics] AndroidManifest.xml:8:5-67
12-->[:firebase_analytics] AndroidManifest.xml:8:22-64
13    <uses-permission android:name="android.permission.WAKE_LOCK" />
13-->[:firebase_analytics] AndroidManifest.xml:9:5-68
13-->[:firebase_analytics] AndroidManifest.xml:9:22-65
14    <uses-permission android:name="com.google.android.finsky.permission.BIND_GET_INSTALL_REFERRER_SERVICE" />
14-->[com.google.android.gms:play-services-measurement:18.0.0] AndroidManifest.xml:26:5-110
14-->[com.google.android.gms:play-services-measurement:18.0.0] AndroidManifest.xml:26:22-107
15
16    <application
16-->src/main/AndroidManifest.xml:3:4-40:19
17        android:name="androidx.multidex.MultiDexApplication"
18        android:appComponentFactory="androidx.core.app.CoreComponentFactory"
18-->[androidx.core:core:1.1.0] AndroidManifest.xml:24:18-86
19        android:icon="@mipmap/launcher_icon"
19-->src/main/AndroidManifest.xml:5:9-45
20        android:label="Dawey" >
20-->src/main/AndroidManifest.xml:4:9-30
21        <activity
21-->src/main/AndroidManifest.xml:6:9-34:20
22            android:name="com.example.flutter_app4.MainActivity"
22-->src/main/AndroidManifest.xml:7:13-41
23            android:configChanges="orientation|keyboardHidden|keyboard|screenSize|smallestScreenSize|locale|layoutDirection|fontScale|screenLayout|density|uiMode"
23-->src/main/AndroidManifest.xml:10:13-163
24            android:hardwareAccelerated="true"
24-->src/main/AndroidManifest.xml:11:13-47
25            android:launchMode="singleTop"
25-->src/main/AndroidManifest.xml:8:13-43
26            android:theme="@style/LaunchTheme"
26-->src/main/AndroidManifest.xml:9:13-47
27            android:windowSoftInputMode="adjustResize" >
27-->src/main/AndroidManifest.xml:12:13-55
28
29            <!--
30                 Specifies an Android theme to apply to this Activity as soon as
31                 the Android process has started. This theme is visible to the user
32                 while the Flutter UI initializes. After that, this theme continues
33                 to determine the Window background behind the Flutter UI.
34            -->
35            <meta-data
35-->src/main/AndroidManifest.xml:17:13-20:17
36                android:name="io.flutter.embedding.android.NormalTheme"
36-->src/main/AndroidManifest.xml:18:15-70
37                android:resource="@style/NormalTheme" />
37-->src/main/AndroidManifest.xml:19:15-52
38            <!--
39                 Displays an Android View that continues showing the launch screen
40                 Drawable until Flutter paints its first frame, then this splash
41                 screen fades out. A splash screen is useful to avoid any visual
42                 gap between the end of Android's launch screen and the painting of
43                 Flutter's first frame.
44            -->
45            <meta-data
45-->src/main/AndroidManifest.xml:26:13-29:17
46                android:name="io.flutter.embedding.android.SplashScreenDrawable"
46-->src/main/AndroidManifest.xml:27:15-79
47                android:resource="@drawable/launch_background" />
47-->src/main/AndroidManifest.xml:28:15-61
48
49            <intent-filter>
49-->src/main/AndroidManifest.xml:30:13-33:29
50                <action android:name="android.intent.action.MAIN" />
50-->src/main/AndroidManifest.xml:31:17-68
50-->src/main/AndroidManifest.xml:31:25-66
51
52                <category android:name="android.intent.category.LAUNCHER" />
52-->src/main/AndroidManifest.xml:32:17-76
52-->src/main/AndroidManifest.xml:32:27-74
53            </intent-filter>
54        </activity>
55        <!--
56             Don't delete the meta-data below.
57             This is used by the Flutter tool to generate GeneratedPluginRegistrant.java
58        -->
59        <meta-data
59-->src/main/AndroidManifest.xml:37:9-39:33
60            android:name="flutterEmbedding"
60-->src/main/AndroidManifest.xml:38:13-44
61            android:value="2" />
61-->src/main/AndroidManifest.xml:39:13-30
62
63        <service
63-->[:firebase_analytics] AndroidManifest.xml:12:9-16:19
64            android:name="com.google.firebase.components.ComponentDiscoveryService"
64-->[:firebase_analytics] AndroidManifest.xml:12:18-89
65            android:directBootAware="true"
65-->[com.google.firebase:firebase-common:19.5.0] AndroidManifest.xml:35:13-43
66            android:exported="false" >
66-->[com.google.firebase:firebase-firestore:22.0.1] AndroidManifest.xml:19:13-37
67            <meta-data
67-->[:firebase_analytics] AndroidManifest.xml:13:13-15:85
68                android:name="com.google.firebase.components:io.flutter.plugins.firebaseanalytics.FlutterFirebaseAppRegistrar"
68-->[:firebase_analytics] AndroidManifest.xml:14:17-127
69                android:value="com.google.firebase.components.ComponentRegistrar" />
69-->[:firebase_analytics] AndroidManifest.xml:15:17-82
70            <meta-data
70-->[:firebase_auth] AndroidManifest.xml:9:13-11:85
71                android:name="com.google.firebase.components:io.flutter.plugins.firebase.auth.FlutterFirebaseAuthRegistrar"
71-->[:firebase_auth] AndroidManifest.xml:10:17-124
72                android:value="com.google.firebase.components.ComponentRegistrar" />
72-->[:firebase_auth] AndroidManifest.xml:11:17-82
73            <meta-data
73-->[:cloud_firestore] AndroidManifest.xml:9:13-11:85
74                android:name="com.google.firebase.components:io.flutter.plugins.firebase.firestore.FlutterFirebaseFirestoreRegistrar"
74-->[:cloud_firestore] AndroidManifest.xml:10:17-134
75                android:value="com.google.firebase.components.ComponentRegistrar" />
75-->[:cloud_firestore] AndroidManifest.xml:11:17-82
76            <meta-data
76-->[:firebase_core] AndroidManifest.xml:9:13-11:85
77                android:name="com.google.firebase.components:io.flutter.plugins.firebase.core.FlutterFirebaseCoreRegistrar"
77-->[:firebase_core] AndroidManifest.xml:10:17-124
78                android:value="com.google.firebase.components.ComponentRegistrar" />
78-->[:firebase_core] AndroidManifest.xml:11:17-82
79            <meta-data
79-->[com.google.firebase:firebase-firestore:22.0.1] AndroidManifest.xml:20:13-22:85
80                android:name="com.google.firebase.components:com.google.firebase.firestore.FirestoreRegistrar"
80-->[com.google.firebase:firebase-firestore:22.0.1] AndroidManifest.xml:21:17-111
81                android:value="com.google.firebase.components.ComponentRegistrar" />
81-->[com.google.firebase:firebase-firestore:22.0.1] AndroidManifest.xml:22:17-82
82            <meta-data
82-->[com.google.firebase:firebase-auth:20.0.1] AndroidManifest.xml:77:13-79:85
83                android:name="com.google.firebase.components:com.google.firebase.auth.FirebaseAuthRegistrar"
83-->[com.google.firebase:firebase-auth:20.0.1] AndroidManifest.xml:78:17-109
84                android:value="com.google.firebase.components.ComponentRegistrar" />
84-->[com.google.firebase:firebase-auth:20.0.1] AndroidManifest.xml:79:17-82
85            <meta-data
85-->[com.google.android.gms:play-services-measurement-api:18.0.0] AndroidManifest.xml:30:13-32:85
86                android:name="com.google.firebase.components:com.google.firebase.analytics.connector.internal.AnalyticsConnectorRegistrar"
86-->[com.google.android.gms:play-services-measurement-api:18.0.0] AndroidManifest.xml:31:17-139
87                android:value="com.google.firebase.components.ComponentRegistrar" />
87-->[com.google.android.gms:play-services-measurement-api:18.0.0] AndroidManifest.xml:32:17-82
88            <meta-data
88-->[com.google.firebase:firebase-installations:16.3.5] AndroidManifest.xml:18:13-20:85
89                android:name="com.google.firebase.components:com.google.firebase.installations.FirebaseInstallationsRegistrar"
89-->[com.google.firebase:firebase-installations:16.3.5] AndroidManifest.xml:19:17-127
90                android:value="com.google.firebase.components.ComponentRegistrar" />
90-->[com.google.firebase:firebase-installations:16.3.5] AndroidManifest.xml:20:17-82
91            <!--
92                This registrar is not defined in the dynamic-module-support sdk itself to allow non-firebase
93                clients to use it as well, by defining this registrar in their own core/common library.
94            -->
95            <meta-data
95-->[com.google.firebase:firebase-common:19.5.0] AndroidManifest.xml:43:13-45:85
96                android:name="com.google.firebase.components:com.google.firebase.dynamicloading.DynamicLoadingRegistrar"
96-->[com.google.firebase:firebase-common:19.5.0] AndroidManifest.xml:44:17-121
97                android:value="com.google.firebase.components.ComponentRegistrar" />
97-->[com.google.firebase:firebase-common:19.5.0] AndroidManifest.xml:45:17-82
98        </service>
99
100        <activity
100-->[:url_launcher] AndroidManifest.xml:8:9-11:74
101            android:name="io.flutter.plugins.urllauncher.WebViewActivity"
101-->[:url_launcher] AndroidManifest.xml:9:13-74
102            android:exported="false"
102-->[:url_launcher] AndroidManifest.xml:10:13-37
103            android:theme="@android:style/Theme.NoTitleBar.Fullscreen" />
103-->[:url_launcher] AndroidManifest.xml:11:13-71
104        <activity
104-->[com.google.firebase:firebase-auth:20.0.1] AndroidManifest.xml:27:9-44:20
105            android:name="com.google.firebase.auth.internal.GenericIdpActivity"
105-->[com.google.firebase:firebase-auth:20.0.1] AndroidManifest.xml:28:13-80
106            android:excludeFromRecents="true"
106-->[com.google.firebase:firebase-auth:20.0.1] AndroidManifest.xml:29:13-46
107            android:exported="true"
107-->[com.google.firebase:firebase-auth:20.0.1] AndroidManifest.xml:30:13-36
108            android:launchMode="singleTask"
108-->[com.google.firebase:firebase-auth:20.0.1] AndroidManifest.xml:31:13-44
109            android:theme="@android:style/Theme.Translucent.NoTitleBar" >
109-->[com.google.firebase:firebase-auth:20.0.1] AndroidManifest.xml:32:13-72
110            <intent-filter>
110-->[com.google.firebase:firebase-auth:20.0.1] AndroidManifest.xml:33:13-43:29
111                <action android:name="android.intent.action.VIEW" />
111-->[com.google.firebase:firebase-auth:20.0.1] AndroidManifest.xml:34:17-69
111-->[com.google.firebase:firebase-auth:20.0.1] AndroidManifest.xml:34:25-66
112
113                <category android:name="android.intent.category.DEFAULT" />
113-->[com.google.firebase:firebase-auth:20.0.1] AndroidManifest.xml:36:17-76
113-->[com.google.firebase:firebase-auth:20.0.1] AndroidManifest.xml:36:27-73
114                <category android:name="android.intent.category.BROWSABLE" />
114-->[com.google.firebase:firebase-auth:20.0.1] AndroidManifest.xml:37:17-78
114-->[com.google.firebase:firebase-auth:20.0.1] AndroidManifest.xml:37:27-75
115
116                <data
116-->[com.google.firebase:firebase-auth:20.0.1] AndroidManifest.xml:39:17-42:51
117                    android:host="firebase.auth"
117-->[com.google.firebase:firebase-auth:20.0.1] AndroidManifest.xml:40:21-49
118                    android:path="/"
118-->[com.google.firebase:firebase-auth:20.0.1] AndroidManifest.xml:41:21-37
119                    android:scheme="genericidp" />
119-->[com.google.firebase:firebase-auth:20.0.1] AndroidManifest.xml:42:21-48
120            </intent-filter>
121        </activity>
122        <activity
122-->[com.google.firebase:firebase-auth:20.0.1] AndroidManifest.xml:45:9-62:20
123            android:name="com.google.firebase.auth.internal.RecaptchaActivity"
123-->[com.google.firebase:firebase-auth:20.0.1] AndroidManifest.xml:46:13-79
124            android:excludeFromRecents="true"
124-->[com.google.firebase:firebase-auth:20.0.1] AndroidManifest.xml:47:13-46
125            android:exported="true"
125-->[com.google.firebase:firebase-auth:20.0.1] AndroidManifest.xml:48:13-36
126            android:launchMode="singleTask"
126-->[com.google.firebase:firebase-auth:20.0.1] AndroidManifest.xml:49:13-44
127            android:theme="@android:style/Theme.Translucent.NoTitleBar" >
127-->[com.google.firebase:firebase-auth:20.0.1] AndroidManifest.xml:50:13-72
128            <intent-filter>
128-->[com.google.firebase:firebase-auth:20.0.1] AndroidManifest.xml:51:13-61:29
129                <action android:name="android.intent.action.VIEW" />
129-->[com.google.firebase:firebase-auth:20.0.1] AndroidManifest.xml:34:17-69
129-->[com.google.firebase:firebase-auth:20.0.1] AndroidManifest.xml:34:25-66
130
131                <category android:name="android.intent.category.DEFAULT" />
131-->[com.google.firebase:firebase-auth:20.0.1] AndroidManifest.xml:36:17-76
131-->[com.google.firebase:firebase-auth:20.0.1] AndroidManifest.xml:36:27-73
132                <category android:name="android.intent.category.BROWSABLE" />
132-->[com.google.firebase:firebase-auth:20.0.1] AndroidManifest.xml:37:17-78
132-->[com.google.firebase:firebase-auth:20.0.1] AndroidManifest.xml:37:27-75
133
134                <data
134-->[com.google.firebase:firebase-auth:20.0.1] AndroidManifest.xml:39:17-42:51
135                    android:host="firebase.auth"
135-->[com.google.firebase:firebase-auth:20.0.1] AndroidManifest.xml:40:21-49
136                    android:path="/"
136-->[com.google.firebase:firebase-auth:20.0.1] AndroidManifest.xml:41:21-37
137                    android:scheme="recaptcha" />
137-->[com.google.firebase:firebase-auth:20.0.1] AndroidManifest.xml:42:21-48
138            </intent-filter>
139        </activity>
140
141        <service
141-->[com.google.firebase:firebase-auth:20.0.1] AndroidManifest.xml:64:9-73:19
142            android:name="com.google.firebase.auth.api.fallback.service.FirebaseAuthFallbackService"
142-->[com.google.firebase:firebase-auth:20.0.1] AndroidManifest.xml:65:13-101
143            android:enabled="true"
143-->[com.google.firebase:firebase-auth:20.0.1] AndroidManifest.xml:66:13-35
144            android:exported="false" >
144-->[com.google.firebase:firebase-auth:20.0.1] AndroidManifest.xml:67:13-37
145            <intent-filter>
145-->[com.google.firebase:firebase-auth:20.0.1] AndroidManifest.xml:68:13-72:29
146                <action android:name="com.google.firebase.auth.api.gms.service.START" />
146-->[com.google.firebase:firebase-auth:20.0.1] AndroidManifest.xml:69:17-89
146-->[com.google.firebase:firebase-auth:20.0.1] AndroidManifest.xml:69:25-86
147
148                <category android:name="android.intent.category.DEFAULT" />
148-->[com.google.firebase:firebase-auth:20.0.1] AndroidManifest.xml:36:17-76
148-->[com.google.firebase:firebase-auth:20.0.1] AndroidManifest.xml:36:27-73
149            </intent-filter>
150        </service>
151
152        <provider
152-->[com.google.firebase:firebase-common:19.5.0] AndroidManifest.xml:26:9-31:39
153            android:name="com.google.firebase.provider.FirebaseInitProvider"
153-->[com.google.firebase:firebase-common:19.5.0] AndroidManifest.xml:27:13-77
154            android:authorities="com.example.flutter_app4.firebaseinitprovider"
154-->[com.google.firebase:firebase-common:19.5.0] AndroidManifest.xml:28:13-72
155            android:directBootAware="true"
155-->[com.google.firebase:firebase-common:19.5.0] AndroidManifest.xml:29:13-43
156            android:exported="false"
156-->[com.google.firebase:firebase-common:19.5.0] AndroidManifest.xml:30:13-37
157            android:initOrder="100" />
157-->[com.google.firebase:firebase-common:19.5.0] AndroidManifest.xml:31:13-36
158
159        <activity
159-->[com.google.android.gms:play-services-auth:16.0.1] AndroidManifest.xml:23:9-27:75
160            android:name="com.google.android.gms.auth.api.signin.internal.SignInHubActivity"
160-->[com.google.android.gms:play-services-auth:16.0.1] AndroidManifest.xml:24:13-93
161            android:excludeFromRecents="true"
161-->[com.google.android.gms:play-services-auth:16.0.1] AndroidManifest.xml:25:13-46
162            android:exported="false"
162-->[com.google.android.gms:play-services-auth:16.0.1] AndroidManifest.xml:26:13-37
163            android:theme="@android:style/Theme.Translucent.NoTitleBar" />
163-->[com.google.android.gms:play-services-auth:16.0.1] AndroidManifest.xml:27:13-72
164        <!--
165            Service handling Google Sign-In user revocation. For apps that do not integrate with
166            Google Sign-In, this service will never be started.
167        -->
168        <service
168-->[com.google.android.gms:play-services-auth:16.0.1] AndroidManifest.xml:33:9-36:110
169            android:name="com.google.android.gms.auth.api.signin.RevocationBoundService"
169-->[com.google.android.gms:play-services-auth:16.0.1] AndroidManifest.xml:34:13-89
170            android:exported="true"
170-->[com.google.android.gms:play-services-auth:16.0.1] AndroidManifest.xml:35:13-36
171            android:permission="com.google.android.gms.auth.api.signin.permission.REVOCATION_NOTIFICATION" />
171-->[com.google.android.gms:play-services-auth:16.0.1] AndroidManifest.xml:36:13-107
172
173        <activity
173-->[com.google.android.gms:play-services-base:17.1.0] AndroidManifest.xml:23:9-26:75
174            android:name="com.google.android.gms.common.api.GoogleApiActivity"
174-->[com.google.android.gms:play-services-base:17.1.0] AndroidManifest.xml:24:13-79
175            android:exported="false"
175-->[com.google.android.gms:play-services-base:17.1.0] AndroidManifest.xml:25:13-37
176            android:theme="@android:style/Theme.Translucent.NoTitleBar" />
176-->[com.google.android.gms:play-services-base:17.1.0] AndroidManifest.xml:26:13-72
177
178        <receiver
178-->[com.google.android.gms:play-services-measurement:18.0.0] AndroidManifest.xml:29:9-33:20
179            android:name="com.google.android.gms.measurement.AppMeasurementReceiver"
179-->[com.google.android.gms:play-services-measurement:18.0.0] AndroidManifest.xml:30:13-85
180            android:enabled="true"
180-->[com.google.android.gms:play-services-measurement:18.0.0] AndroidManifest.xml:31:13-35
181            android:exported="false" >
181-->[com.google.android.gms:play-services-measurement:18.0.0] AndroidManifest.xml:32:13-37
182        </receiver>
183
184        <service
184-->[com.google.android.gms:play-services-measurement:18.0.0] AndroidManifest.xml:35:9-38:40
185            android:name="com.google.android.gms.measurement.AppMeasurementService"
185-->[com.google.android.gms:play-services-measurement:18.0.0] AndroidManifest.xml:36:13-84
186            android:enabled="true"
186-->[com.google.android.gms:play-services-measurement:18.0.0] AndroidManifest.xml:37:13-35
187            android:exported="false" />
187-->[com.google.android.gms:play-services-measurement:18.0.0] AndroidManifest.xml:38:13-37
188        <service
188-->[com.google.android.gms:play-services-measurement:18.0.0] AndroidManifest.xml:39:9-43:72
189            android:name="com.google.android.gms.measurement.AppMeasurementJobService"
189-->[com.google.android.gms:play-services-measurement:18.0.0] AndroidManifest.xml:40:13-87
190            android:enabled="true"
190-->[com.google.android.gms:play-services-measurement:18.0.0] AndroidManifest.xml:41:13-35
191            android:exported="false"
191-->[com.google.android.gms:play-services-measurement:18.0.0] AndroidManifest.xml:42:13-37
192            android:permission="android.permission.BIND_JOB_SERVICE" />
192-->[com.google.android.gms:play-services-measurement:18.0.0] AndroidManifest.xml:43:13-69
193
194        <meta-data
194-->[com.google.android.gms:play-services-basement:17.1.0] AndroidManifest.xml:23:9-25:69
195            android:name="com.google.android.gms.version"
195-->[com.google.android.gms:play-services-basement:17.1.0] AndroidManifest.xml:24:13-58
196            android:value="@integer/google_play_services_version" />
196-->[com.google.android.gms:play-services-basement:17.1.0] AndroidManifest.xml:25:13-66
197    </application>
198
199</manifest>